Using pre-set license
Built from '2020.3/staging' branch; Version is '2020.3.8f1 (507919d4fff5) revision 5273881'; Using compiler version '192528614'; Build Type 'Release'
OS: 'Windows 10 Pro; OS build 19042.985; Version 2009; 64bit' Language: 'en' Physical Memory: 32604 MB
BatchMode: 1, IsHumanControllingUs: 0, StartBugReporterOnCrash: 0, Is64bit: 1, IsPro: 0

 COMMAND LINE ARGUMENTS:
C:\Program Files\Unity Editions\2020.3.8f1\Editor\Unity.exe
-adb2
-batchMode
-noUpm
-name
AssetImportWorker1
-projectPath
C:/Users/delta/Documents/Unity/1.Developing/2020.3.8f1/Man The Ramparts
-logFile
Logs/AssetImportWorker1.log
-srvPort
49807
Successfully changed project path to: C:/Users/delta/Documents/Unity/1.Developing/2020.3.8f1/Man The Ramparts
C:/Users/delta/Documents/Unity/1.Developing/2020.3.8f1/Man The Ramparts
Using Asset Import Pipeline V2.
Refreshing native plugins compatible for Editor in 31.20 ms, found 1 plugins.
Preloading 0 native plugins for Editor in 0.00 ms.
Initialize engine version: 2020.3.8f1 (507919d4fff5)
[Subsystems] Discovering subsystems at path C:/Program Files/Unity Editions/2020.3.8f1/Editor/Data/Resources/UnitySubsystems
[Subsystems] Discovering subsystems at path C:/Users/delta/Documents/Unity/1.Developing/2020.3.8f1/Man The Ramparts/Assets
GfxDevice: creating device client; threaded=0
Direct3D:
    Version:  Direct3D 11.0 [level 11.1]
    Renderer: AMD Radeon HD 7700 Series (ID=0x683f)
    Vendor:   
    VRAM:     2006 MB
    Driver:   13.251.0.0
Initialize mono
Mono path[0] = 'C:/Program Files/Unity Editions/2020.3.8f1/Editor/Data/Managed'
Mono path[1] = 'C:/Program Files/Unity Editions/2020.3.8f1/Editor/Data/MonoBleedingEdge/lib/mono/unityjit'
Mono config path = 'C:/Program Files/Unity Editions/2020.3.8f1/Editor/Data/MonoBleedingEdge/etc'
Using monoOptions --debugger-agent=transport=dt_socket,embedding=1,server=y,suspend=n,address=127.0.0.1:56692
Begin MonoManager ReloadAssembly
Registering precompiled unity dll's ...
Register platform support module: C:/Program Files/Unity Editions/2020.3.8f1/Editor/Data/PlaybackEngines/WebGLSupport/UnityEditor.WebGL.Extensions.dll
Register platform support module: C:/Program Files/Unity Editions/2020.3.8f1/Editor/Data/PlaybackEngines/MacStandaloneSupport/UnityEditor.OSXStandalone.Extensions.dll
Register platform support module: C:/Program Files/Unity Editions/2020.3.8f1/Editor/Data/PlaybackEngines/WindowsStandaloneSupport/UnityEditor.WindowsStandalone.Extensions.dll
Register platform support module: C:/Program Files/Unity Editions/2020.3.8f1/Editor/Data/PlaybackEngines/LinuxStandaloneSupport/UnityEditor.LinuxStandalone.Extensions.dll
Register platform support module: C:/Program Files/Unity Editions/2020.3.8f1/Editor/Data/PlaybackEngines/LuminSupport/UnityEditor.Lumin.Extensions.dll
Registered in 0.002496 seconds.
Native extension for Lumin target not found
Native extension for LinuxStandalone target not found
Native extension for WindowsStandalone target not found
Native extension for OSXStandalone target not found
Native extension for WebGL target not found
Refreshing native plugins compatible for Editor in 32.44 ms, found 1 plugins.
Preloading 0 native plugins for Editor in 0.00 ms.
Mono: successfully reloaded assembly
- Completed reload, in  3.114 seconds
Platform modules already initialized, skipping
Registering precompiled user dll's ...
Registered in 0.000712 seconds.
Begin MonoManager ReloadAssembly
Native extension for Lumin target not found
Native extension for LinuxStandalone target not found
Native extension for WindowsStandalone target not found
Native extension for OSXStandalone target not found
Native extension for WebGL target not found
Refreshing native plugins compatible for Editor in 31.85 ms, found 1 plugins.
Preloading 0 native plugins for Editor in 0.00 ms.
Mono: successfully reloaded assembly
- Completed reload, in  0.755 seconds
Platform modules already initialized, skipping
========================================================================
Worker process is ready to serve import requests
Launched and connected shader compiler UnityShaderCompiler.exe after 0.03 seconds
Refreshing native plugins compatible for Editor in 0.37 ms, found 1 plugins.
Preloading 0 native plugins for Editor in 0.00 ms.
Unloading 1860 Unused Serialized files (Serialized files now loaded: 0)
System memory in use before: 95.0 MB.
System memory in use after: 95.0 MB.

Unloading 23 unused Assets to reduce memory usage. Loaded Objects now: 2326.
Total: 1.706100 ms (FindLiveObjects: 0.152400 ms CreateObjectMapping: 0.057500 ms MarkObjects: 1.388600 ms  DeleteObjects: 0.107000 ms)

========================================================================
Received Import Request.
  path: Assets/Scenes/Level Trainer.unity
  artifactKey: Guid(5484a5fad9a1f374a9dc1de7cd3be49e) Importer(815301076,1909f56bfc062723c751e8b465ee728b)
Start importing Assets/Scenes/Level Trainer.unity using Guid(5484a5fad9a1f374a9dc1de7cd3be49e) Importer(815301076,1909f56bfc062723c751e8b465ee728b)  -> (artifact id: 'baccab893c201ee42d40869c5fb8a487') in 0.008811 seconds
  Import took 0.011038 seconds .

========================================================================
Received Import Request.
  Time since last request: 26.718800 seconds.
  path: ProjectSettings/TagManager.asset
  artifactKey: Guid(00000000000000003000000000000000) Importer(815301076,1909f56bfc062723c751e8b465ee728b)
Start importing ProjectSettings/TagManager.asset using Guid(00000000000000003000000000000000) Importer(815301076,1909f56bfc062723c751e8b465ee728b)  -> (artifact id: '70bef4a9c294847efa77ea99595611e8') in 0.016671 seconds
  Import took 0.019121 seconds .

========================================================================
Received Prepare
Registering precompiled user dll's ...
Registered in 0.000743 seconds.
Begin MonoManager ReloadAssembly
Native extension for Lumin target not found
Native extension for LinuxStandalone target not found
Native extension for WindowsStandalone target not found
Native extension for OSXStandalone target not found
Native extension for WebGL target not found
Refreshing native plugins compatible for Editor in 0.34 ms, found 1 plugins.
Preloading 0 native plugins for Editor in 0.00 ms.
Mono: successfully reloaded assembly
- Completed reload, in  0.692 seconds
Platform modules already initialized, skipping
Refreshing native plugins compatible for Editor in 0.35 ms, found 1 plugins.
Preloading 0 native plugins for Editor in 0.00 ms.
Unloading 1842 Unused Serialized files (Serialized files now loaded: 0)
System memory in use before: 93.7 MB.
System memory in use after: 93.7 MB.

Unloading 13 unused Assets to reduce memory usage. Loaded Objects now: 2330.
Total: 1.695200 ms (FindLiveObjects: 0.133700 ms CreateObjectMapping: 0.047700 ms MarkObjects: 1.418900 ms  DeleteObjects: 0.094300 ms)

========================================================================
Received Prepare
Registering precompiled user dll's ...
Registered in 0.000713 seconds.
Begin MonoManager ReloadAssembly
Native extension for Lumin target not found
Native extension for LinuxStandalone target not found
Native extension for WindowsStandalone target not found
Native extension for OSXStandalone target not found
Native extension for WebGL target not found
Refreshing native plugins compatible for Editor in 0.39 ms, found 1 plugins.
Preloading 0 native plugins for Editor in 0.00 ms.
Mono: successfully reloaded assembly
- Completed reload, in  0.687 seconds
Platform modules already initialized, skipping
Refreshing native plugins compatible for Editor in 0.39 ms, found 1 plugins.
Preloading 0 native plugins for Editor in 0.00 ms.
Unloading 1842 Unused Serialized files (Serialized files now loaded: 0)
System memory in use before: 93.8 MB.
System memory in use after: 93.7 MB.

Unloading 12 unused Assets to reduce memory usage. Loaded Objects now: 2334.
Total: 1.618300 ms (FindLiveObjects: 0.139700 ms CreateObjectMapping: 0.053100 ms MarkObjects: 1.330700 ms  DeleteObjects: 0.093900 ms)

========================================================================
Received Prepare
Registering precompiled user dll's ...
Registered in 0.000791 seconds.
Begin MonoManager ReloadAssembly
Native extension for Lumin target not found
Native extension for LinuxStandalone target not found
Native extension for WindowsStandalone target not found
Native extension for OSXStandalone target not found
Native extension for WebGL target not found
Refreshing native plugins compatible for Editor in 0.33 ms, found 1 plugins.
Preloading 0 native plugins for Editor in 0.00 ms.
Mono: successfully reloaded assembly
- Completed reload, in  0.699 seconds
Platform modules already initialized, skipping
Refreshing native plugins compatible for Editor in 0.47 ms, found 1 plugins.
Preloading 0 native plugins for Editor in 0.00 ms.
Unloading 1842 Unused Serialized files (Serialized files now loaded: 0)
System memory in use before: 93.8 MB.
System memory in use after: 93.8 MB.

Unloading 12 unused Assets to reduce memory usage. Loaded Objects now: 2338.
Total: 1.674600 ms (FindLiveObjects: 0.158400 ms CreateObjectMapping: 0.058700 ms MarkObjects: 1.358400 ms  DeleteObjects: 0.097900 ms)

========================================================================
Received Prepare
Registering precompiled user dll's ...
Registered in 0.000751 seconds.
Begin MonoManager ReloadAssembly
Native extension for Lumin target not found
Native extension for LinuxStandalone target not found
Native extension for WindowsStandalone target not found
Native extension for OSXStandalone target not found
Native extension for WebGL target not found
Refreshing native plugins compatible for Editor in 0.33 ms, found 1 plugins.
Preloading 0 native plugins for Editor in 0.00 ms.
Mono: successfully reloaded assembly
- Completed reload, in  0.687 seconds
Platform modules already initialized, skipping
Refreshing native plugins compatible for Editor in 0.38 ms, found 1 plugins.
Preloading 0 native plugins for Editor in 0.00 ms.
Unloading 1842 Unused Serialized files (Serialized files now loaded: 0)
System memory in use before: 93.8 MB.
System memory in use after: 93.8 MB.

Unloading 12 unused Assets to reduce memory usage. Loaded Objects now: 2342.
Total: 1.654000 ms (FindLiveObjects: 0.143700 ms CreateObjectMapping: 0.050900 ms MarkObjects: 1.363400 ms  DeleteObjects: 0.095200 ms)

========================================================================
Received Prepare
Registering precompiled user dll's ...
Registered in 0.000760 seconds.
Begin MonoManager ReloadAssembly
Native extension for Lumin target not found
Native extension for LinuxStandalone target not found
Native extension for WindowsStandalone target not found
Native extension for OSXStandalone target not found
Native extension for WebGL target not found
Refreshing native plugins compatible for Editor in 0.33 ms, found 1 plugins.
Preloading 0 native plugins for Editor in 0.00 ms.
Mono: successfully reloaded assembly
- Completed reload, in  0.674 seconds
Platform modules already initialized, skipping
Refreshing native plugins compatible for Editor in 0.38 ms, found 1 plugins.
Preloading 0 native plugins for Editor in 0.00 ms.
Unloading 1842 Unused Serialized files (Serialized files now loaded: 0)
System memory in use before: 93.8 MB.
System memory in use after: 93.8 MB.

Unloading 12 unused Assets to reduce memory usage. Loaded Objects now: 2346.
Total: 1.651200 ms (FindLiveObjects: 0.136800 ms CreateObjectMapping: 0.051600 ms MarkObjects: 1.367100 ms  DeleteObjects: 0.095000 ms)

========================================================================
Received Import Request.
  Time since last request: 638.008756 seconds.
  path: Assets/Scenes/Splash.unity
  artifactKey: Guid(961654b6b35eb2b4285cf3f45dcc6f76) Importer(815301076,1909f56bfc062723c751e8b465ee728b)
Start importing Assets/Scenes/Splash.unity using Guid(961654b6b35eb2b4285cf3f45dcc6f76) Importer(815301076,1909f56bfc062723c751e8b465ee728b)  -> (artifact id: '3f953ff479c8ec78ab30f73b05eb7aef') in 0.018372 seconds
  Import took 0.020890 seconds .

========================================================================
Received Import Request.
  Time since last request: 23.245958 seconds.
  path: Assets/Scenes/Start.unity
  artifactKey: Guid(e06c9a15c5a1ce647a34f1bf0221ee43) Importer(815301076,1909f56bfc062723c751e8b465ee728b)
Start importing Assets/Scenes/Start.unity using Guid(e06c9a15c5a1ce647a34f1bf0221ee43) Importer(815301076,1909f56bfc062723c751e8b465ee728b)  -> (artifact id: '22a696d2d7c9e4186de250f32dbe0c14') in 0.005372 seconds
  Import took 0.007802 seconds .

========================================================================
Received Prepare
Registering precompiled user dll's ...
Registered in 0.000754 seconds.
Begin MonoManager ReloadAssembly
Native extension for Lumin target not found
Native extension for LinuxStandalone target not found
Native extension for WindowsStandalone target not found
Native extension for OSXStandalone target not found
Native extension for WebGL target not found
Refreshing native plugins compatible for Editor in 0.34 ms, found 1 plugins.
Preloading 0 native plugins for Editor in 0.00 ms.
Mono: successfully reloaded assembly
- Completed reload, in  0.679 seconds
Platform modules already initialized, skipping
Refreshing native plugins compatible for Editor in 0.35 ms, found 1 plugins.
Preloading 0 native plugins for Editor in 0.00 ms.
Unloading 1842 Unused Serialized files (Serialized files now loaded: 0)
System memory in use before: 93.8 MB.
System memory in use after: 93.8 MB.

Unloading 12 unused Assets to reduce memory usage. Loaded Objects now: 2350.
Total: 1.686500 ms (FindLiveObjects: 0.140500 ms CreateObjectMapping: 0.055900 ms MarkObjects: 1.395900 ms  DeleteObjects: 0.093500 ms)

========================================================================
Received Prepare
Registering precompiled user dll's ...
Registered in 0.000753 seconds.
Begin MonoManager ReloadAssembly
Native extension for Lumin target not found
Native extension for LinuxStandalone target not found
Native extension for WindowsStandalone target not found
Native extension for OSXStandalone target not found
Native extension for WebGL target not found
Refreshing native plugins compatible for Editor in 0.34 ms, found 1 plugins.
Preloading 0 native plugins for Editor in 0.00 ms.
Mono: successfully reloaded assembly
- Completed reload, in  0.704 seconds
Platform modules already initialized, skipping
Refreshing native plugins compatible for Editor in 0.37 ms, found 1 plugins.
Preloading 0 native plugins for Editor in 0.00 ms.
Unloading 1842 Unused Serialized files (Serialized files now loaded: 0)
System memory in use before: 93.8 MB.
System memory in use after: 93.8 MB.

Unloading 12 unused Assets to reduce memory usage. Loaded Objects now: 2354.
Total: 1.808300 ms (FindLiveObjects: 0.168700 ms CreateObjectMapping: 0.106400 ms MarkObjects: 1.433100 ms  DeleteObjects: 0.099400 ms)

========================================================================
Received Prepare
Registering precompiled user dll's ...
Registered in 0.000771 seconds.
Begin MonoManager ReloadAssembly
Native extension for Lumin target not found
Native extension for LinuxStandalone target not found
Native extension for WindowsStandalone target not found
Native extension for OSXStandalone target not found
Native extension for WebGL target not found
Refreshing native plugins compatible for Editor in 0.34 ms, found 1 plugins.
Preloading 0 native plugins for Editor in 0.00 ms.
Mono: successfully reloaded assembly
- Completed reload, in  0.686 seconds
Platform modules already initialized, skipping
Refreshing native plugins compatible for Editor in 0.36 ms, found 1 plugins.
Preloading 0 native plugins for Editor in 0.00 ms.
Unloading 1842 Unused Serialized files (Serialized files now loaded: 0)
System memory in use before: 93.8 MB.
System memory in use after: 93.8 MB.

Unloading 12 unused Assets to reduce memory usage. Loaded Objects now: 2358.
Total: 1.739900 ms (FindLiveObjects: 0.153900 ms CreateObjectMapping: 0.063900 ms MarkObjects: 1.422100 ms  DeleteObjects: 0.099300 ms)

========================================================================
Received Prepare
Registering precompiled user dll's ...
Registered in 0.000770 seconds.
Begin MonoManager ReloadAssembly
Native extension for Lumin target not found
Native extension for LinuxStandalone target not found
Native extension for WindowsStandalone target not found
Native extension for OSXStandalone target not found
Native extension for WebGL target not found
Refreshing native plugins compatible for Editor in 0.33 ms, found 1 plugins.
Preloading 0 native plugins for Editor in 0.00 ms.
Mono: successfully reloaded assembly
- Completed reload, in  0.676 seconds
Platform modules already initialized, skipping
Refreshing native plugins compatible for Editor in 0.37 ms, found 1 plugins.
Preloading 0 native plugins for Editor in 0.00 ms.
Unloading 1842 Unused Serialized files (Serialized files now loaded: 0)
System memory in use before: 93.8 MB.
System memory in use after: 93.8 MB.

Unloading 12 unused Assets to reduce memory usage. Loaded Objects now: 2362.
Total: 1.682000 ms (FindLiveObjects: 0.139800 ms CreateObjectMapping: 0.050600 ms MarkObjects: 1.392100 ms  DeleteObjects: 0.098900 ms)

========================================================================
Received Prepare
Registering precompiled user dll's ...
Registered in 0.000753 seconds.
Begin MonoManager ReloadAssembly
Native extension for Lumin target not found
Native extension for LinuxStandalone target not found
Native extension for WindowsStandalone target not found
Native extension for OSXStandalone target not found
Native extension for WebGL target not found
Refreshing native plugins compatible for Editor in 0.33 ms, found 1 plugins.
Preloading 0 native plugins for Editor in 0.00 ms.
Mono: successfully reloaded assembly
- Completed reload, in  0.682 seconds
Platform modules already initialized, skipping
Refreshing native plugins compatible for Editor in 0.35 ms, found 1 plugins.
Preloading 0 native plugins for Editor in 0.00 ms.
Unloading 1842 Unused Serialized files (Serialized files now loaded: 0)
System memory in use before: 93.8 MB.
System memory in use after: 93.8 MB.

Unloading 12 unused Assets to reduce memory usage. Loaded Objects now: 2366.
Total: 1.851200 ms (FindLiveObjects: 0.153000 ms CreateObjectMapping: 0.062300 ms MarkObjects: 1.527100 ms  DeleteObjects: 0.107900 ms)

========================================================================
Received Prepare
Registering precompiled user dll's ...
Registered in 0.000837 seconds.
Begin MonoManager ReloadAssembly
Native extension for Lumin target not found
Native extension for LinuxStandalone target not found
Native extension for WindowsStandalone target not found
Native extension for OSXStandalone target not found
Native extension for WebGL target not found
Refreshing native plugins compatible for Editor in 0.33 ms, found 1 plugins.
Preloading 0 native plugins for Editor in 0.00 ms.
Mono: successfully reloaded assembly
- Completed reload, in  0.697 seconds
Platform modules already initialized, skipping
Refreshing native plugins compatible for Editor in 0.45 ms, found 1 plugins.
Preloading 0 native plugins for Editor in 0.00 ms.
Unloading 1842 Unused Serialized files (Serialized files now loaded: 0)
System memory in use before: 93.9 MB.
System memory in use after: 93.8 MB.

Unloading 12 unused Assets to reduce memory usage. Loaded Objects now: 2370.
Total: 1.633900 ms (FindLiveObjects: 0.145000 ms CreateObjectMapping: 0.057300 ms MarkObjects: 1.333800 ms  DeleteObjects: 0.097000 ms)

========================================================================
Received Prepare
Registering precompiled user dll's ...
Registered in 0.000751 seconds.
Begin MonoManager ReloadAssembly
Native extension for Lumin target not found
Native extension for LinuxStandalone target not found
Native extension for WindowsStandalone target not found
Native extension for OSXStandalone target not found
Native extension for WebGL target not found
Refreshing native plugins compatible for Editor in 0.33 ms, found 1 plugins.
Preloading 0 native plugins for Editor in 0.00 ms.
Mono: successfully reloaded assembly
- Completed reload, in  0.693 seconds
Platform modules already initialized, skipping
Refreshing native plugins compatible for Editor in 0.35 ms, found 1 plugins.
Preloading 0 native plugins for Editor in 0.00 ms.
Unloading 1842 Unused Serialized files (Serialized files now loaded: 0)
System memory in use before: 93.9 MB.
System memory in use after: 93.8 MB.

Unloading 12 unused Assets to reduce memory usage. Loaded Objects now: 2374.
Total: 1.846700 ms (FindLiveObjects: 0.146000 ms CreateObjectMapping: 0.054900 ms MarkObjects: 1.539500 ms  DeleteObjects: 0.105400 ms)

========================================================================
Received Import Request.
  Time since last request: 1619.052645 seconds.
  path: Assets/Scenes/Splash.unity
  artifactKey: Guid(961654b6b35eb2b4285cf3f45dcc6f76) Importer(815301076,1909f56bfc062723c751e8b465ee728b)
Start importing Assets/Scenes/Splash.unity using Guid(961654b6b35eb2b4285cf3f45dcc6f76) Importer(815301076,1909f56bfc062723c751e8b465ee728b)  -> (artifact id: '8f61c3af4fd48079154d5477f2742bb6') in 0.011970 seconds
  Import took 0.014349 seconds .

========================================================================
Received Prepare
Registering precompiled user dll's ...
Registered in 0.000741 seconds.
Begin MonoManager ReloadAssembly
Native extension for Lumin target not found
Native extension for LinuxStandalone target not found
Native extension for WindowsStandalone target not found
Native extension for OSXStandalone target not found
Native extension for WebGL target not found
Refreshing native plugins compatible for Editor in 0.33 ms, found 1 plugins.
Preloading 0 native plugins for Editor in 0.00 ms.
Mono: successfully reloaded assembly
- Completed reload, in  0.685 seconds
Platform modules already initialized, skipping
Refreshing native plugins compatible for Editor in 0.36 ms, found 1 plugins.
Preloading 0 native plugins for Editor in 0.00 ms.
Unloading 1842 Unused Serialized files (Serialized files now loaded: 0)
System memory in use before: 93.9 MB.
System memory in use after: 93.9 MB.

Unloading 12 unused Assets to reduce memory usage. Loaded Objects now: 2378.
Total: 1.758600 ms (FindLiveObjects: 0.142600 ms CreateObjectMapping: 0.053500 ms MarkObjects: 1.464200 ms  DeleteObjects: 0.097600 ms)

========================================================================
Received Import Request.
  Time since last request: 886.011842 seconds.
  path: Assets/Scenes/Start.unity
  artifactKey: Guid(e06c9a15c5a1ce647a34f1bf0221ee43) Importer(815301076,1909f56bfc062723c751e8b465ee728b)
Start importing Assets/Scenes/Start.unity using Guid(e06c9a15c5a1ce647a34f1bf0221ee43) Importer(815301076,1909f56bfc062723c751e8b465ee728b)  -> (artifact id: 'ebb79b0ec251f6b971b2899d4471a210') in 0.012010 seconds
  Import took 0.014480 seconds .

========================================================================
Received Prepare
Registering precompiled user dll's ...
Registered in 0.000743 seconds.
Begin MonoManager ReloadAssembly
Native extension for Lumin target not found
Native extension for LinuxStandalone target not found
Native extension for WindowsStandalone target not found
Native extension for OSXStandalone target not found
Native extension for WebGL target not found
Refreshing native plugins compatible for Editor in 0.33 ms, found 1 plugins.
Preloading 0 native plugins for Editor in 0.00 ms.
Mono: successfully reloaded assembly
- Completed reload, in  0.699 seconds
Platform modules already initialized, skipping
Refreshing native plugins compatible for Editor in 0.36 ms, found 1 plugins.
Preloading 0 native plugins for Editor in 0.00 ms.
Unloading 1842 Unused Serialized files (Serialized files now loaded: 0)
System memory in use before: 93.9 MB.
System memory in use after: 93.9 MB.

Unloading 12 unused Assets to reduce memory usage. Loaded Objects now: 2382.
Total: 1.775600 ms (FindLiveObjects: 0.152500 ms CreateObjectMapping: 0.055000 ms MarkObjects: 1.469000 ms  DeleteObjects: 0.098300 ms)

========================================================================
Received Prepare
Registering precompiled user dll's ...
Registered in 0.000825 seconds.
Begin MonoManager ReloadAssembly
Native extension for Lumin target not found
Native extension for LinuxStandalone target not found
Native extension for WindowsStandalone target not found
Native extension for OSXStandalone target not found
Native extension for WebGL target not found
Refreshing native plugins compatible for Editor in 0.33 ms, found 1 plugins.
Preloading 0 native plugins for Editor in 0.00 ms.
Mono: successfully reloaded assembly
- Completed reload, in  0.680 seconds
Platform modules already initialized, skipping
Refreshing native plugins compatible for Editor in 0.35 ms, found 1 plugins.
Preloading 0 native plugins for Editor in 0.00 ms.
Unloading 1842 Unused Serialized files (Serialized files now loaded: 0)
System memory in use before: 93.9 MB.
System memory in use after: 93.9 MB.

Unloading 12 unused Assets to reduce memory usage. Loaded Objects now: 2386.
Total: 1.817400 ms (FindLiveObjects: 0.144800 ms CreateObjectMapping: 0.055700 ms MarkObjects: 1.517500 ms  DeleteObjects: 0.098700 ms)

========================================================================
Received Prepare
Registering precompiled user dll's ...
Registered in 0.000723 seconds.
Begin MonoManager ReloadAssembly
Native extension for Lumin target not found
Native extension for LinuxStandalone target not found
Native extension for WindowsStandalone target not found
Native extension for OSXStandalone target not found
Native extension for WebGL target not found
Refreshing native plugins compatible for Editor in 0.35 ms, found 1 plugins.
Preloading 0 native plugins for Editor in 0.00 ms.
Mono: successfully reloaded assembly
- Completed reload, in  0.680 seconds
Platform modules already initialized, skipping
Refreshing native plugins compatible for Editor in 0.49 ms, found 1 plugins.
Preloading 0 native plugins for Editor in 0.00 ms.
Unloading 1842 Unused Serialized files (Serialized files now loaded: 0)
System memory in use before: 93.9 MB.
System memory in use after: 93.9 MB.

Unloading 12 unused Assets to reduce memory usage. Loaded Objects now: 2390.
Total: 1.817300 ms (FindLiveObjects: 0.174200 ms CreateObjectMapping: 0.083800 ms MarkObjects: 1.452800 ms  DeleteObjects: 0.105700 ms)

========================================================================
Received Prepare
Registering precompiled user dll's ...
Registered in 0.000757 seconds.
Begin MonoManager ReloadAssembly
Native extension for Lumin target not found
Native extension for LinuxStandalone target not found
Native extension for WindowsStandalone target not found
Native extension for OSXStandalone target not found
Native extension for WebGL target not found
Refreshing native plugins compatible for Editor in 0.33 ms, found 1 plugins.
Preloading 0 native plugins for Editor in 0.00 ms.
Mono: successfully reloaded assembly
- Completed reload, in  0.686 seconds
Platform modules already initialized, skipping
Refreshing native plugins compatible for Editor in 0.45 ms, found 1 plugins.
Preloading 0 native plugins for Editor in 0.00 ms.
Unloading 1842 Unused Serialized files (Serialized files now loaded: 0)
System memory in use before: 93.9 MB.
System memory in use after: 93.9 MB.

Unloading 12 unused Assets to reduce memory usage. Loaded Objects now: 2394.
Total: 1.758900 ms (FindLiveObjects: 0.152100 ms CreateObjectMapping: 0.057300 ms MarkObjects: 1.449400 ms  DeleteObjects: 0.099300 ms)

========================================================================
Received Prepare
Registering precompiled user dll's ...
Registered in 0.000718 seconds.
Begin MonoManager ReloadAssembly
Native extension for Lumin target not found
Native extension for LinuxStandalone target not found
Native extension for WindowsStandalone target not found
Native extension for OSXStandalone target not found
Native extension for WebGL target not found
Refreshing native plugins compatible for Editor in 0.33 ms, found 1 plugins.
Preloading 0 native plugins for Editor in 0.00 ms.
Mono: successfully reloaded assembly
- Completed reload, in  0.691 seconds
Platform modules already initialized, skipping
Refreshing native plugins compatible for Editor in 0.39 ms, found 1 plugins.
Preloading 0 native plugins for Editor in 0.00 ms.
Unloading 1842 Unused Serialized files (Serialized files now loaded: 0)
System memory in use before: 93.9 MB.
System memory in use after: 93.9 MB.

Unloading 12 unused Assets to reduce memory usage. Loaded Objects now: 2398.
Total: 1.798400 ms (FindLiveObjects: 0.139700 ms CreateObjectMapping: 0.047200 ms MarkObjects: 1.513100 ms  DeleteObjects: 0.097600 ms)

========================================================================
Received Prepare
Registering precompiled user dll's ...
Registered in 0.000749 seconds.
Begin MonoManager ReloadAssembly
Native extension for Lumin target not found
Native extension for LinuxStandalone target not found
Native extension for WindowsStandalone target not found
Native extension for OSXStandalone target not found
Native extension for WebGL target not found
Refreshing native plugins compatible for Editor in 0.33 ms, found 1 plugins.
Preloading 0 native plugins for Editor in 0.00 ms.
Mono: successfully reloaded assembly
- Completed reload, in  0.684 seconds
Platform modules already initialized, skipping
Refreshing native plugins compatible for Editor in 0.39 ms, found 1 plugins.
Preloading 0 native plugins for Editor in 0.00 ms.
Unloading 1842 Unused Serialized files (Serialized files now loaded: 0)
System memory in use before: 93.9 MB.
System memory in use after: 93.9 MB.

Unloading 12 unused Assets to reduce memory usage. Loaded Objects now: 2402.
Total: 1.678500 ms (FindLiveObjects: 0.152400 ms CreateObjectMapping: 0.056200 ms MarkObjects: 1.371900 ms  DeleteObjects: 0.097100 ms)

========================================================================
Received Prepare
Registering precompiled user dll's ...
Registered in 0.000723 seconds.
Begin MonoManager ReloadAssembly
Native extension for Lumin target not found
Native extension for LinuxStandalone target not found
Native extension for WindowsStandalone target not found
Native extension for OSXStandalone target not found
Native extension for WebGL target not found
Refreshing native plugins compatible for Editor in 0.36 ms, found 1 plugins.
Preloading 0 native plugins for Editor in 0.00 ms.
Mono: successfully reloaded assembly
- Completed reload, in  0.684 seconds
Platform modules already initialized, skipping
Refreshing native plugins compatible for Editor in 0.35 ms, found 1 plugins.
Preloading 0 native plugins for Editor in 0.00 ms.
Unloading 1842 Unused Serialized files (Serialized files now loaded: 0)
System memory in use before: 93.9 MB.
System memory in use after: 93.9 MB.

Unloading 12 unused Assets to reduce memory usage. Loaded Objects now: 2406.
Total: 1.768000 ms (FindLiveObjects: 0.141600 ms CreateObjectMapping: 0.053900 ms MarkObjects: 1.470700 ms  DeleteObjects: 0.101000 ms)

========================================================================
Received Prepare
Registering precompiled user dll's ...
Registered in 0.000710 seconds.
Begin MonoManager ReloadAssembly
Native extension for Lumin target not found
Native extension for LinuxStandalone target not found
Native extension for WindowsStandalone target not found
Native extension for OSXStandalone target not found
Native extension for WebGL target not found
Refreshing native plugins compatible for Editor in 0.33 ms, found 1 plugins.
Preloading 0 native plugins for Editor in 0.00 ms.
Mono: successfully reloaded assembly
- Completed reload, in  0.686 seconds
Platform modules already initialized, skipping
Refreshing native plugins compatible for Editor in 0.42 ms, found 1 plugins.
Preloading 0 native plugins for Editor in 0.00 ms.
Unloading 1842 Unused Serialized files (Serialized files now loaded: 0)
System memory in use before: 94.0 MB.
System memory in use after: 93.9 MB.

Unloading 12 unused Assets to reduce memory usage. Loaded Objects now: 2410.
Total: 1.865000 ms (FindLiveObjects: 0.148600 ms CreateObjectMapping: 0.052800 ms MarkObjects: 1.567600 ms  DeleteObjects: 0.095200 ms)

========================================================================
Received Prepare
Registering precompiled user dll's ...
Registered in 0.000785 seconds.
Begin MonoManager ReloadAssembly
Native extension for Lumin target not found
Native extension for LinuxStandalone target not found
Native extension for WindowsStandalone target not found
Native extension for OSXStandalone target not found
Native extension for WebGL target not found
Refreshing native plugins compatible for Editor in 0.34 ms, found 1 plugins.
Preloading 0 native plugins for Editor in 0.00 ms.
Mono: successfully reloaded assembly
- Completed reload, in  0.696 seconds
Platform modules already initialized, skipping
Refreshing native plugins compatible for Editor in 0.38 ms, found 1 plugins.
Preloading 0 native plugins for Editor in 0.00 ms.
Unloading 1842 Unused Serialized files (Serialized files now loaded: 0)
System memory in use before: 94.0 MB.
System memory in use after: 93.9 MB.

Unloading 12 unused Assets to reduce memory usage. Loaded Objects now: 2414.
Total: 1.690000 ms (FindLiveObjects: 0.145100 ms CreateObjectMapping: 0.056100 ms MarkObjects: 1.392200 ms  DeleteObjects: 0.095800 ms)

========================================================================
Received Import Request.
  Time since last request: 490.694063 seconds.
  path: Assets/Animation/Attackers/Axe/Axe.controller
  artifactKey: Guid(ec1c987d1288d2e4baff048e25e438d9) Importer(815301076,1909f56bfc062723c751e8b465ee728b)
Start importing Assets/Animation/Attackers/Axe/Axe.controller using Guid(ec1c987d1288d2e4baff048e25e438d9) Importer(815301076,1909f56bfc062723c751e8b465ee728b)  -> (artifact id: 'b7507bf482d2f3c936565c8975812dd7') in 0.016321 seconds
  Import took 0.018874 seconds .

========================================================================
Received Prepare
Registering precompiled user dll's ...
Registered in 0.000809 seconds.
Begin MonoManager ReloadAssembly
Native extension for Lumin target not found
Native extension for LinuxStandalone target not found
Native extension for WindowsStandalone target not found
Native extension for OSXStandalone target not found
Native extension for WebGL target not found
Refreshing native plugins compatible for Editor in 0.33 ms, found 1 plugins.
Preloading 0 native plugins for Editor in 0.00 ms.
Mono: successfully reloaded assembly
- Completed reload, in  0.675 seconds
Platform modules already initialized, skipping
Refreshing native plugins compatible for Editor in 0.39 ms, found 1 plugins.
Preloading 0 native plugins for Editor in 0.00 ms.
Unloading 1842 Unused Serialized files (Serialized files now loaded: 0)
System memory in use before: 94.0 MB.
System memory in use after: 94.0 MB.

Unloading 12 unused Assets to reduce memory usage. Loaded Objects now: 2418.
Total: 1.669400 ms (FindLiveObjects: 0.145800 ms CreateObjectMapping: 0.051900 ms MarkObjects: 1.373500 ms  DeleteObjects: 0.097600 ms)

========================================================================
Received Prepare
Registering precompiled user dll's ...
Registered in 0.000818 seconds.
Begin MonoManager ReloadAssembly
Native extension for Lumin target not found
Native extension for LinuxStandalone target not found
Native extension for WindowsStandalone target not found
Native extension for OSXStandalone target not found
Native extension for WebGL target not found
Refreshing native plugins compatible for Editor in 0.33 ms, found 1 plugins.
Preloading 0 native plugins for Editor in 0.00 ms.
Mono: successfully reloaded assembly
- Completed reload, in  0.677 seconds
Platform modules already initialized, skipping
Refreshing native plugins compatible for Editor in 0.39 ms, found 1 plugins.
Preloading 0 native plugins for Editor in 0.00 ms.
Unloading 1842 Unused Serialized files (Serialized files now loaded: 0)
System memory in use before: 94.0 MB.
System memory in use after: 94.0 MB.

Unloading 12 unused Assets to reduce memory usage. Loaded Objects now: 2422.
Total: 1.680000 ms (FindLiveObjects: 0.149200 ms CreateObjectMapping: 0.053000 ms MarkObjects: 1.379700 ms  DeleteObjects: 0.097400 ms)

========================================================================
Received Prepare
Registering precompiled user dll's ...
Registered in 0.000705 seconds.
Begin MonoManager ReloadAssembly
Native extension for Lumin target not found
Native extension for LinuxStandalone target not found
Native extension for WindowsStandalone target not found
Native extension for OSXStandalone target not found
Native extension for WebGL target not found
Refreshing native plugins compatible for Editor in 0.34 ms, found 1 plugins.
Preloading 0 native plugins for Editor in 0.00 ms.
Mono: successfully reloaded assembly
- Completed reload, in  0.683 seconds
Platform modules already initialized, skipping
Refreshing native plugins compatible for Editor in 0.35 ms, found 1 plugins.
Preloading 0 native plugins for Editor in 0.00 ms.
Unloading 1842 Unused Serialized files (Serialized files now loaded: 0)
System memory in use before: 94.0 MB.
System memory in use after: 94.0 MB.

Unloading 12 unused Assets to reduce memory usage. Loaded Objects now: 2426.
Total: 1.798300 ms (FindLiveObjects: 0.143600 ms CreateObjectMapping: 0.054800 ms MarkObjects: 1.499600 ms  DeleteObjects: 0.099600 ms)

========================================================================
Received Prepare
Registering precompiled user dll's ...
Registered in 0.000780 seconds.
Begin MonoManager ReloadAssembly
Native extension for Lumin target not found
Native extension for LinuxStandalone target not found
Native extension for WindowsStandalone target not found
Native extension for OSXStandalone target not found
Native extension for WebGL target not found
Refreshing native plugins compatible for Editor in 0.43 ms, found 1 plugins.
Preloading 0 native plugins for Editor in 0.00 ms.
Mono: successfully reloaded assembly
- Completed reload, in  0.685 seconds
Platform modules already initialized, skipping
Refreshing native plugins compatible for Editor in 0.39 ms, found 1 plugins.
Preloading 0 native plugins for Editor in 0.00 ms.
Unloading 1842 Unused Serialized files (Serialized files now loaded: 0)
System memory in use before: 94.0 MB.
System memory in use after: 94.0 MB.

Unloading 12 unused Assets to reduce memory usage. Loaded Objects now: 2430.
Total: 1.687200 ms (FindLiveObjects: 0.155200 ms CreateObjectMapping: 0.057900 ms MarkObjects: 1.374900 ms  DeleteObjects: 0.098300 ms)

========================================================================
Received Prepare
Registering precompiled user dll's ...
Registered in 0.000754 seconds.
Begin MonoManager ReloadAssembly
Native extension for Lumin target not found
Native extension for LinuxStandalone target not found
Native extension for WindowsStandalone target not found
Native extension for OSXStandalone target not found
Native extension for WebGL target not found
Refreshing native plugins compatible for Editor in 0.33 ms, found 1 plugins.
Preloading 0 native plugins for Editor in 0.00 ms.
Mono: successfully reloaded assembly
- Completed reload, in  0.681 seconds
Platform modules already initialized, skipping
Refreshing native plugins compatible for Editor in 0.41 ms, found 1 plugins.
Preloading 0 native plugins for Editor in 0.00 ms.
Unloading 1842 Unused Serialized files (Serialized files now loaded: 0)
System memory in use before: 94.0 MB.
System memory in use after: 94.0 MB.

Unloading 12 unused Assets to reduce memory usage. Loaded Objects now: 2434.
Total: 1.724500 ms (FindLiveObjects: 0.155400 ms CreateObjectMapping: 0.059900 ms MarkObjects: 1.406800 ms  DeleteObjects: 0.101700 ms)

========================================================================
Received Import Request.
  Time since last request: 488.375794 seconds.
  path: Assets/Scenes/Start.unity
  artifactKey: Guid(e06c9a15c5a1ce647a34f1bf0221ee43) Importer(815301076,1909f56bfc062723c751e8b465ee728b)
Start importing Assets/Scenes/Start.unity using Guid(e06c9a15c5a1ce647a34f1bf0221ee43) Importer(815301076,1909f56bfc062723c751e8b465ee728b)  -> (artifact id: '25dde70fb19d5ad58aa328a53b8a34ed') in 0.015683 seconds
  Import took 0.018279 seconds .

========================================================================
Received Prepare
Registering precompiled user dll's ...
Registered in 0.000773 seconds.
Begin MonoManager ReloadAssembly
Native extension for Lumin target not found
Native extension for LinuxStandalone target not found
Native extension for WindowsStandalone target not found
Native extension for OSXStandalone target not found
Native extension for WebGL target not found
Refreshing native plugins compatible for Editor in 0.33 ms, found 1 plugins.
Preloading 0 native plugins for Editor in 0.00 ms.
Mono: successfully reloaded assembly
- Completed reload, in  0.689 seconds
Platform modules already initialized, skipping
Refreshing native plugins compatible for Editor in 0.36 ms, found 1 plugins.
Preloading 0 native plugins for Editor in 0.00 ms.
Unloading 1842 Unused Serialized files (Serialized files now loaded: 0)
System memory in use before: 94.0 MB.
System memory in use after: 94.0 MB.

Unloading 12 unused Assets to reduce memory usage. Loaded Objects now: 2438.
Total: 1.701500 ms (FindLiveObjects: 0.148700 ms CreateObjectMapping: 0.049800 ms MarkObjects: 1.404200 ms  DeleteObjects: 0.098200 ms)

========================================================================
Received Prepare
Registering precompiled user dll's ...
Registered in 0.000755 seconds.
Begin MonoManager ReloadAssembly
Native extension for Lumin target not found
Native extension for LinuxStandalone target not found
Native extension for WindowsStandalone target not found
Native extension for OSXStandalone target not found
Native extension for WebGL target not found
Refreshing native plugins compatible for Editor in 0.33 ms, found 1 plugins.
Preloading 0 native plugins for Editor in 0.00 ms.
Mono: successfully reloaded assembly
- Completed reload, in  0.684 seconds
Platform modules already initialized, skipping
Refreshing native plugins compatible for Editor in 0.36 ms, found 1 plugins.
Preloading 0 native plugins for Editor in 0.00 ms.
Unloading 1842 Unused Serialized files (Serialized files now loaded: 0)
System memory in use before: 94.1 MB.
System memory in use after: 94.0 MB.

Unloading 12 unused Assets to reduce memory usage. Loaded Objects now: 2442.
Total: 1.632700 ms (FindLiveObjects: 0.151800 ms CreateObjectMapping: 0.057100 ms MarkObjects: 1.320100 ms  DeleteObjects: 0.102800 ms)

========================================================================
Received Prepare
Registering precompiled user dll's ...
Registered in 0.000783 seconds.
Begin MonoManager ReloadAssembly
Native extension for Lumin target not found
Native extension for LinuxStandalone target not found
Native extension for WindowsStandalone target not found
Native extension for OSXStandalone target not found
Native extension for WebGL target not found
Refreshing native plugins compatible for Editor in 0.33 ms, found 1 plugins.
Preloading 0 native plugins for Editor in 0.00 ms.
Mono: successfully reloaded assembly
- Completed reload, in  0.687 seconds
Platform modules already initialized, skipping
Refreshing native plugins compatible for Editor in 0.36 ms, found 1 plugins.
Preloading 0 native plugins for Editor in 0.00 ms.
Unloading 1842 Unused Serialized files (Serialized files now loaded: 0)
System memory in use before: 94.1 MB.
System memory in use after: 94.0 MB.

Unloading 12 unused Assets to reduce memory usage. Loaded Objects now: 2446.
Total: 1.837300 ms (FindLiveObjects: 0.146800 ms CreateObjectMapping: 0.058000 ms MarkObjects: 1.525800 ms  DeleteObjects: 0.106100 ms)

========================================================================
Received Import Request.
  Time since last request: 123.425485 seconds.
  path: Assets/Scenes/Start.unity
  artifactKey: Guid(e06c9a15c5a1ce647a34f1bf0221ee43) Importer(815301076,1909f56bfc062723c751e8b465ee728b)
Start importing Assets/Scenes/Start.unity using Guid(e06c9a15c5a1ce647a34f1bf0221ee43) Importer(815301076,1909f56bfc062723c751e8b465ee728b)  -> (artifact id: 'e605c14db3fe1ba8fa0b19aa923751bf') in 0.010136 seconds
  Import took 0.012679 seconds .

========================================================================
Received Prepare
Registering precompiled user dll's ...
Registered in 0.000736 seconds.
Begin MonoManager ReloadAssembly
Native extension for Lumin target not found
Native extension for LinuxStandalone target not found
Native extension for WindowsStandalone target not found
Native extension for OSXStandalone target not found
Native extension for WebGL target not found
Refreshing native plugins compatible for Editor in 0.33 ms, found 1 plugins.
Preloading 0 native plugins for Editor in 0.00 ms.
Mono: successfully reloaded assembly
- Completed reload, in  0.684 seconds
Platform modules already initialized, skipping
Refreshing native plugins compatible for Editor in 0.48 ms, found 1 plugins.
Preloading 0 native plugins for Editor in 0.00 ms.
Unloading 1842 Unused Serialized files (Serialized files now loaded: 0)
System memory in use before: 94.1 MB.
System memory in use after: 94.1 MB.

Unloading 12 unused Assets to reduce memory usage. Loaded Objects now: 2450.
Total: 1.737300 ms (FindLiveObjects: 0.156100 ms CreateObjectMapping: 0.057000 ms MarkObjects: 1.428300 ms  DeleteObjects: 0.095200 ms)

========================================================================
Received Import Request.
  Time since last request: 228.548092 seconds.
  path: Assets/Scenes/Start.unity
  artifactKey: Guid(e06c9a15c5a1ce647a34f1bf0221ee43) Importer(815301076,1909f56bfc062723c751e8b465ee728b)
Start importing Assets/Scenes/Start.unity using Guid(e06c9a15c5a1ce647a34f1bf0221ee43) Importer(815301076,1909f56bfc062723c751e8b465ee728b)  -> (artifact id: 'bbeaef2c4f93271b85011e3d3da99100') in 0.011327 seconds
  Import took 0.014159 seconds .

========================================================================
Received Prepare
Registering precompiled user dll's ...
Registered in 0.000758 seconds.
Begin MonoManager ReloadAssembly
Native extension for Lumin target not found
Native extension for LinuxStandalone target not found
Native extension for WindowsStandalone target not found
Native extension for OSXStandalone target not found
Native extension for WebGL target not found
Refreshing native plugins compatible for Editor in 0.33 ms, found 1 plugins.
Preloading 0 native plugins for Editor in 0.00 ms.
Mono: successfully reloaded assembly
- Completed reload, in  0.685 seconds
Platform modules already initialized, skipping
Refreshing native plugins compatible for Editor in 0.37 ms, found 1 plugins.
Preloading 0 native plugins for Editor in 0.00 ms.
Unloading 1842 Unused Serialized files (Serialized files now loaded: 0)
System memory in use before: 94.1 MB.
System memory in use after: 94.1 MB.

Unloading 12 unused Assets to reduce memory usage. Loaded Objects now: 2454.
Total: 1.827100 ms (FindLiveObjects: 0.157500 ms CreateObjectMapping: 0.054900 ms MarkObjects: 1.514100 ms  DeleteObjects: 0.100000 ms)

========================================================================
Received Import Request.
  Time since last request: 43.041656 seconds.
  path: Assets/Scenes/Start.unity
  artifactKey: Guid(e06c9a15c5a1ce647a34f1bf0221ee43) Importer(815301076,1909f56bfc062723c751e8b465ee728b)
Start importing Assets/Scenes/Start.unity using Guid(e06c9a15c5a1ce647a34f1bf0221ee43) Importer(815301076,1909f56bfc062723c751e8b465ee728b)  -> (artifact id: '4f894f39f1a8f401f8b431063e1006e7') in 0.012821 seconds
  Import took 0.025470 seconds .

========================================================================
Received Prepare
Registering precompiled user dll's ...
Registered in 0.000742 seconds.
Begin MonoManager ReloadAssembly
Native extension for Lumin target not found
Native extension for LinuxStandalone target not found
Native extension for WindowsStandalone target not found
Native extension for OSXStandalone target not found
Native extension for WebGL target not found
Refreshing native plugins compatible for Editor in 0.34 ms, found 1 plugins.
Preloading 0 native plugins for Editor in 0.00 ms.
Mono: successfully reloaded assembly
- Completed reload, in  0.675 seconds
Platform modules already initialized, skipping
Refreshing native plugins compatible for Editor in 0.43 ms, found 1 plugins.
Preloading 0 native plugins for Editor in 0.00 ms.
Unloading 1842 Unused Serialized files (Serialized files now loaded: 0)
System memory in use before: 94.1 MB.
System memory in use after: 94.1 MB.

Unloading 12 unused Assets to reduce memory usage. Loaded Objects now: 2458.
Total: 1.664800 ms (FindLiveObjects: 0.162400 ms CreateObjectMapping: 0.060000 ms MarkObjects: 1.345000 ms  DeleteObjects: 0.096600 ms)

========================================================================
Received Import Request.
  Time since last request: 120.563930 seconds.
  path: Assets/Scenes/Start.unity
  artifactKey: Guid(e06c9a15c5a1ce647a34f1bf0221ee43) Importer(815301076,1909f56bfc062723c751e8b465ee728b)
Start importing Assets/Scenes/Start.unity using Guid(e06c9a15c5a1ce647a34f1bf0221ee43) Importer(815301076,1909f56bfc062723c751e8b465ee728b)  -> (artifact id: '051224cecbc2402cb8b47dba9e14e425') in 0.011683 seconds
  Import took 0.014202 seconds .

========================================================================
Received Prepare
Registering precompiled user dll's ...
Registered in 0.000754 seconds.
Begin MonoManager ReloadAssembly
Native extension for Lumin target not found
Native extension for LinuxStandalone target not found
Native extension for WindowsStandalone target not found
Native extension for OSXStandalone target not found
Native extension for WebGL target not found
Refreshing native plugins compatible for Editor in 0.33 ms, found 1 plugins.
Preloading 0 native plugins for Editor in 0.00 ms.
Mono: successfully reloaded assembly
- Completed reload, in  0.699 seconds
Platform modules already initialized, skipping
Refreshing native plugins compatible for Editor in 0.38 ms, found 1 plugins.
Preloading 0 native plugins for Editor in 0.00 ms.
Unloading 1842 Unused Serialized files (Serialized files now loaded: 0)
System memory in use before: 94.1 MB.
System memory in use after: 94.1 MB.

Unloading 12 unused Assets to reduce memory usage. Loaded Objects now: 2462.
Total: 1.712000 ms (FindLiveObjects: 0.146200 ms CreateObjectMapping: 0.048900 ms MarkObjects: 1.421600 ms  DeleteObjects: 0.094600 ms)

========================================================================
Received Import Request.
  Time since last request: 115.090127 seconds.
  path: Assets/Scenes/Level Trainer.unity
  artifactKey: Guid(5484a5fad9a1f374a9dc1de7cd3be49e) Importer(815301076,1909f56bfc062723c751e8b465ee728b)
Start importing Assets/Scenes/Level Trainer.unity using Guid(5484a5fad9a1f374a9dc1de7cd3be49e) Importer(815301076,1909f56bfc062723c751e8b465ee728b)  -> (artifact id: '703d8cef939f5e0f626aaab6f5f939c4') in 0.012128 seconds
  Import took 0.014862 seconds .

========================================================================
Received Prepare
Registering precompiled user dll's ...
Registered in 0.000745 seconds.
Begin MonoManager ReloadAssembly
Native extension for Lumin target not found
Native extension for LinuxStandalone target not found
Native extension for WindowsStandalone target not found
Native extension for OSXStandalone target not found
Native extension for WebGL target not found
Refreshing native plugins compatible for Editor in 0.33 ms, found 1 plugins.
Preloading 0 native plugins for Editor in 0.00 ms.
Mono: successfully reloaded assembly
- Completed reload, in  0.662 seconds
Platform modules already initialized, skipping
Refreshing native plugins compatible for Editor in 0.36 ms, found 1 plugins.
Preloading 0 native plugins for Editor in 0.00 ms.
Unloading 1842 Unused Serialized files (Serialized files now loaded: 0)
System memory in use before: 94.1 MB.
System memory in use after: 94.1 MB.

Unloading 12 unused Assets to reduce memory usage. Loaded Objects now: 2466.
Total: 1.735700 ms (FindLiveObjects: 0.149200 ms CreateObjectMapping: 0.053300 ms MarkObjects: 1.433800 ms  DeleteObjects: 0.098700 ms)

========================================================================
Received Prepare
Registering precompiled user dll's ...
Registered in 0.000762 seconds.
Begin MonoManager ReloadAssembly
Native extension for Lumin target not found
Native extension for LinuxStandalone target not found
Native extension for WindowsStandalone target not found
Native extension for OSXStandalone target not found
Native extension for WebGL target not found
Refreshing native plugins compatible for Editor in 0.34 ms, found 1 plugins.
Preloading 0 native plugins for Editor in 0.00 ms.
Mono: successfully reloaded assembly
- Completed reload, in  0.675 seconds
Platform modules already initialized, skipping
Refreshing native plugins compatible for Editor in 0.36 ms, found 1 plugins.
Preloading 0 native plugins for Editor in 0.00 ms.
Unloading 1842 Unused Serialized files (Serialized files now loaded: 0)
System memory in use before: 94.2 MB.
System memory in use after: 94.1 MB.

Unloading 12 unused Assets to reduce memory usage. Loaded Objects now: 2470.
Total: 1.686100 ms (FindLiveObjects: 0.140600 ms CreateObjectMapping: 0.046500 ms MarkObjects: 1.395700 ms  DeleteObjects: 0.102500 ms)

========================================================================
Received Import Request.
  Time since last request: 248.024200 seconds.
  path: Assets/Scenes/Level Trainer.unity
  artifactKey: Guid(5484a5fad9a1f374a9dc1de7cd3be49e) Importer(815301076,1909f56bfc062723c751e8b465ee728b)
Start importing Assets/Scenes/Level Trainer.unity using Guid(5484a5fad9a1f374a9dc1de7cd3be49e) Importer(815301076,1909f56bfc062723c751e8b465ee728b)  -> (artifact id: 'e000d1852fdde8e8b56232f125478d46') in 0.015457 seconds
  Import took 0.018058 seconds .

========================================================================
Received Prepare
Registering precompiled user dll's ...
Registered in 0.000724 seconds.
Begin MonoManager ReloadAssembly
Native extension for Lumin target not found
Native extension for LinuxStandalone target not found
Native extension for WindowsStandalone target not found
Native extension for OSXStandalone target not found
Native extension for WebGL target not found
Refreshing native plugins compatible for Editor in 0.32 ms, found 1 plugins.
Preloading 0 native plugins for Editor in 0.00 ms.
Mono: successfully reloaded assembly
- Completed reload, in  0.664 seconds
Platform modules already initialized, skipping
Refreshing native plugins compatible for Editor in 0.36 ms, found 1 plugins.
Preloading 0 native plugins for Editor in 0.00 ms.
Unloading 1842 Unused Serialized files (Serialized files now loaded: 0)
System memory in use before: 94.2 MB.
System memory in use after: 94.1 MB.

Unloading 12 unused Assets to reduce memory usage. Loaded Objects now: 2474.
Total: 1.704600 ms (FindLiveObjects: 0.140700 ms CreateObjectMapping: 0.047200 ms MarkObjects: 1.420400 ms  DeleteObjects: 0.095400 ms)

========================================================================
Received Import Request.
  Time since last request: 269.742165 seconds.
  path: Assets/Scenes/Level Trainer.unity
  artifactKey: Guid(5484a5fad9a1f374a9dc1de7cd3be49e) Importer(815301076,1909f56bfc062723c751e8b465ee728b)
Start importing Assets/Scenes/Level Trainer.unity using Guid(5484a5fad9a1f374a9dc1de7cd3be49e) Importer(815301076,1909f56bfc062723c751e8b465ee728b)  -> (artifact id: '6882b4112d93efb7c66cf158be9e2d98') in 0.011249 seconds
  Import took 0.013705 seconds .

========================================================================
Received Prepare
Registering precompiled user dll's ...
Registered in 0.000749 seconds.
Begin MonoManager ReloadAssembly
Native extension for Lumin target not found
Native extension for LinuxStandalone target not found
Native extension for WindowsStandalone target not found
Native extension for OSXStandalone target not found
Native extension for WebGL target not found
Refreshing native plugins compatible for Editor in 0.34 ms, found 1 plugins.
Preloading 0 native plugins for Editor in 0.00 ms.
Mono: successfully reloaded assembly
- Completed reload, in  0.678 seconds
Platform modules already initialized, skipping
Refreshing native plugins compatible for Editor in 0.40 ms, found 1 plugins.
Preloading 0 native plugins for Editor in 0.00 ms.
Unloading 1842 Unused Serialized files (Serialized files now loaded: 0)
System memory in use before: 94.2 MB.
System memory in use after: 94.2 MB.

Unloading 12 unused Assets to reduce memory usage. Loaded Objects now: 2478.
Total: 1.739000 ms (FindLiveObjects: 0.153000 ms CreateObjectMapping: 0.052000 ms MarkObjects: 1.436000 ms  DeleteObjects: 0.097300 ms)

========================================================================
Received Prepare
Refreshing native plugins compatible for Editor in 1.59 ms, found 1 plugins.
Preloading 0 native plugins for Editor in 0.00 ms.
Unloading 10 Unused Serialized files (Serialized files now loaded: 0)
System memory in use before: 58.0 MB.
System memory in use after: 57.9 MB.

Unloading 10 unused Assets to reduce memory usage. Loaded Objects now: 2478.
Total: 1.899000 ms (FindLiveObjects: 0.157300 ms CreateObjectMapping: 0.056100 ms MarkObjects: 1.582000 ms  DeleteObjects: 0.102900 ms)

========================================================================
Received Prepare
Registering precompiled user dll's ...
Registered in 0.000755 seconds.
Begin MonoManager ReloadAssembly
Native extension for Lumin target not found
Native extension for LinuxStandalone target not found
Native extension for WindowsStandalone target not found
Native extension for OSXStandalone target not found
Native extension for WebGL target not found
Refreshing native plugins compatible for Editor in 0.35 ms, found 1 plugins.
Preloading 0 native plugins for Editor in 0.00 ms.
Mono: successfully reloaded assembly
- Completed reload, in  0.716 seconds
Platform modules already initialized, skipping
Refreshing native plugins compatible for Editor in 0.36 ms, found 1 plugins.
Preloading 0 native plugins for Editor in 0.00 ms.
Unloading 1842 Unused Serialized files (Serialized files now loaded: 0)
System memory in use before: 94.3 MB.
System memory in use after: 94.3 MB.

Unloading 12 unused Assets to reduce memory usage. Loaded Objects now: 2482.
Total: 1.768600 ms (FindLiveObjects: 0.173400 ms CreateObjectMapping: 0.069000 ms MarkObjects: 1.421900 ms  DeleteObjects: 0.103300 ms)

========================================================================
Received Prepare
Refreshing native plugins compatible for Editor in 1.63 ms, found 1 plugins.
Preloading 0 native plugins for Editor in 0.00 ms.
Unloading 10 Unused Serialized files (Serialized files now loaded: 0)
System memory in use before: 58.1 MB.
System memory in use after: 58.0 MB.

Unloading 10 unused Assets to reduce memory usage. Loaded Objects now: 2482.
Total: 1.890100 ms (FindLiveObjects: 0.178900 ms CreateObjectMapping: 0.068800 ms MarkObjects: 1.530700 ms  DeleteObjects: 0.110900 ms)

========================================================================
Received Prepare
Refreshing native plugins compatible for Editor in 1.43 ms, found 1 plugins.
Preloading 0 native plugins for Editor in 0.00 ms.
Unloading 10 Unused Serialized files (Serialized files now loaded: 0)
System memory in use before: 58.1 MB.
System memory in use after: 58.0 MB.

Unloading 10 unused Assets to reduce memory usage. Loaded Objects now: 2482.
Total: 1.748300 ms (FindLiveObjects: 0.175800 ms CreateObjectMapping: 0.055900 ms MarkObjects: 1.415300 ms  DeleteObjects: 0.100700 ms)

========================================================================
Received Prepare
Refreshing native plugins compatible for Editor in 1.40 ms, found 1 plugins.
Preloading 0 native plugins for Editor in 0.00 ms.
Unloading 10 Unused Serialized files (Serialized files now loaded: 0)
System memory in use before: 58.1 MB.
System memory in use after: 58.1 MB.

Unloading 10 unused Assets to reduce memory usage. Loaded Objects now: 2482.
Total: 1.719400 ms (FindLiveObjects: 0.158600 ms CreateObjectMapping: 0.056000 ms MarkObjects: 1.407500 ms  DeleteObjects: 0.096600 ms)

========================================================================
Received Prepare
Registering precompiled user dll's ...
Registered in 0.000801 seconds.
Begin MonoManager ReloadAssembly
Native extension for Lumin target not found
Native extension for LinuxStandalone target not found
Native extension for WindowsStandalone target not found
Native extension for OSXStandalone target not found
Native extension for WebGL target not found
Refreshing native plugins compatible for Editor in 0.99 ms, found 1 plugins.
Preloading 0 native plugins for Editor in 0.00 ms.
Mono: successfully reloaded assembly
- Completed reload, in  0.775 seconds
Platform modules already initialized, skipping
Refreshing native plugins compatible for Editor in 0.36 ms, found 1 plugins.
Preloading 0 native plugins for Editor in 0.00 ms.
Unloading 1850 Unused Serialized files (Serialized files now loaded: 0)
System memory in use before: 94.6 MB.
System memory in use after: 94.5 MB.

Unloading 12 unused Assets to reduce memory usage. Loaded Objects now: 2494.
Total: 1.732700 ms (FindLiveObjects: 0.164700 ms CreateObjectMapping: 0.057000 ms MarkObjects: 1.413300 ms  DeleteObjects: 0.097000 ms)

========================================================================
Received Prepare
Refreshing native plugins compatible for Editor in 1.48 ms, found 1 plugins.
Preloading 0 native plugins for Editor in 0.00 ms.
Unloading 10 Unused Serialized files (Serialized files now loaded: 0)
System memory in use before: 58.2 MB.
System memory in use after: 58.2 MB.

Unloading 10 unused Assets to reduce memory usage. Loaded Objects now: 2494.
Total: 1.757700 ms (FindLiveObjects: 0.154300 ms CreateObjectMapping: 0.051900 ms MarkObjects: 1.445600 ms  DeleteObjects: 0.105500 ms)

========================================================================
Received Prepare
Registering precompiled user dll's ...
Registered in 0.000808 seconds.
Begin MonoManager ReloadAssembly
Native extension for Lumin target not found
Native extension for LinuxStandalone target not found
Native extension for WindowsStandalone target not found
Native extension for OSXStandalone target not found
Native extension for WebGL target not found
Refreshing native plugins compatible for Editor in 0.33 ms, found 1 plugins.
Preloading 0 native plugins for Editor in 0.00 ms.
Mono: successfully reloaded assembly
- Completed reload, in  0.682 seconds
Platform modules already initialized, skipping
Refreshing native plugins compatible for Editor in 0.36 ms, found 1 plugins.
Preloading 0 native plugins for Editor in 0.00 ms.
Unloading 1850 Unused Serialized files (Serialized files now loaded: 0)
System memory in use before: 94.6 MB.
System memory in use after: 94.5 MB.

Unloading 12 unused Assets to reduce memory usage. Loaded Objects now: 2498.
Total: 1.716300 ms (FindLiveObjects: 0.157600 ms CreateObjectMapping: 0.058400 ms MarkObjects: 1.401100 ms  DeleteObjects: 0.098600 ms)

========================================================================
Received Prepare
Registering precompiled user dll's ...
Registered in 0.000716 seconds.
Begin MonoManager ReloadAssembly
Native extension for Lumin target not found
Native extension for LinuxStandalone target not found
Native extension for WindowsStandalone target not found
Native extension for OSXStandalone target not found
Native extension for WebGL target not found
Refreshing native plugins compatible for Editor in 0.34 ms, found 1 plugins.
Preloading 0 native plugins for Editor in 0.00 ms.
Mono: successfully reloaded assembly
- Completed reload, in  0.881 seconds
Platform modules already initialized, skipping
Refreshing native plugins compatible for Editor in 0.38 ms, found 1 plugins.
Preloading 0 native plugins for Editor in 0.00 ms.
Unloading 1850 Unused Serialized files (Serialized files now loaded: 0)
System memory in use before: 94.6 MB.
System memory in use after: 94.6 MB.

Unloading 12 unused Assets to reduce memory usage. Loaded Objects now: 2502.
Total: 1.739300 ms (FindLiveObjects: 0.157200 ms CreateObjectMapping: 0.053200 ms MarkObjects: 1.423200 ms  DeleteObjects: 0.104800 ms)

========================================================================
Received Prepare
Refreshing native plugins compatible for Editor in 1.54 ms, found 1 plugins.
Preloading 0 native plugins for Editor in 0.00 ms.
Unloading 10 Unused Serialized files (Serialized files now loaded: 0)
System memory in use before: 58.2 MB.
System memory in use after: 58.2 MB.

Unloading 10 unused Assets to reduce memory usage. Loaded Objects now: 2502.
Total: 1.865500 ms (FindLiveObjects: 0.172600 ms CreateObjectMapping: 0.059400 ms MarkObjects: 1.470600 ms  DeleteObjects: 0.162400 ms)

========================================================================
Received Import Request.
  Time since last request: 2216.413754 seconds.
  path: Assets/Images/Core Game advertisers/Logo.png
  artifactKey: Guid(c7a566b0a64f8de478fd7c0adf47a040) Importer(815301076,1909f56bfc062723c751e8b465ee728b)
Start importing Assets/Images/Core Game advertisers/Logo.png using Guid(c7a566b0a64f8de478fd7c0adf47a040) Importer(815301076,1909f56bfc062723c751e8b465ee728b)  -> (artifact id: 'c57f9f9f46b2b5603dca8bc62f791c29') in 0.107705 seconds
  Import took 0.110462 seconds .

========================================================================
Received Prepare
Refreshing native plugins compatible for Editor in 1.78 ms, found 1 plugins.
Preloading 0 native plugins for Editor in 0.00 ms.
Unloading 10 Unused Serialized files (Serialized files now loaded: 0)
System memory in use before: 61.5 MB.
System memory in use after: 61.5 MB.

Unloading 10 unused Assets to reduce memory usage. Loaded Objects now: 2508.
Total: 2.553900 ms (FindLiveObjects: 0.183500 ms CreateObjectMapping: 0.064300 ms MarkObjects: 2.185200 ms  DeleteObjects: 0.120200 ms)

========================================================================
Received Prepare
Refreshing native plugins compatible for Editor in 1.42 ms, found 1 plugins.
Preloading 0 native plugins for Editor in 0.00 ms.
Unloading 10 Unused Serialized files (Serialized files now loaded: 0)
System memory in use before: 61.5 MB.
System memory in use after: 61.5 MB.

Unloading 10 unused Assets to reduce memory usage. Loaded Objects now: 2508.
Total: 2.128000 ms (FindLiveObjects: 0.187100 ms CreateObjectMapping: 0.067000 ms MarkObjects: 1.741300 ms  DeleteObjects: 0.132000 ms)

========================================================================
Received Import Request.
  Time since last request: 141.938029 seconds.
  path: Assets/Scenes/Start.unity
  artifactKey: Guid(e06c9a15c5a1ce647a34f1bf0221ee43) Importer(815301076,1909f56bfc062723c751e8b465ee728b)
Start importing Assets/Scenes/Start.unity using Guid(e06c9a15c5a1ce647a34f1bf0221ee43) Importer(815301076,1909f56bfc062723c751e8b465ee728b)  -> (artifact id: 'def204a7cd83b67ae2ff9e0e17e275d5') in 0.012808 seconds
  Import took 0.015664 seconds .

========================================================================
Received Import Request.
  Time since last request: 157.096326 seconds.
  path: Assets/Scenes/Options.unity
  artifactKey: Guid(495935fdfc147ce47b0a2ec24b50db1a) Importer(815301076,1909f56bfc062723c751e8b465ee728b)
Start importing Assets/Scenes/Options.unity using Guid(495935fdfc147ce47b0a2ec24b50db1a) Importer(815301076,1909f56bfc062723c751e8b465ee728b)  -> (artifact id: '096e6f4eb207102e5f73da21a6399b8c') in 0.005483 seconds
  Import took 0.008284 seconds .

========================================================================
Received Import Request.
  Time since last request: 49.116216 seconds.
  path: Assets/Scenes/Level Trainer.unity
  artifactKey: Guid(5484a5fad9a1f374a9dc1de7cd3be49e) Importer(815301076,1909f56bfc062723c751e8b465ee728b)
Start importing Assets/Scenes/Level Trainer.unity using Guid(5484a5fad9a1f374a9dc1de7cd3be49e) Importer(815301076,1909f56bfc062723c751e8b465ee728b)  -> (artifact id: '8505037c65488ed3db23da2710b7109b') in 0.005994 seconds
  Import took 0.008585 seconds .

========================================================================
Received Prepare
Registering precompiled user dll's ...
Registered in 0.000930 seconds.
Begin MonoManager ReloadAssembly
Native extension for Lumin target not found
Native extension for LinuxStandalone target not found
Native extension for WindowsStandalone target not found
Native extension for OSXStandalone target not found
Native extension for WebGL target not found
Refreshing native plugins compatible for Editor in 0.35 ms, found 1 plugins.
Preloading 0 native plugins for Editor in 0.00 ms.
Mono: successfully reloaded assembly
- Completed reload, in  0.702 seconds
Platform modules already initialized, skipping
Refreshing native plugins compatible for Editor in 0.37 ms, found 1 plugins.
Preloading 0 native plugins for Editor in 0.00 ms.
Unloading 1850 Unused Serialized files (Serialized files now loaded: 0)
System memory in use before: 97.7 MB.
System memory in use after: 97.6 MB.

Unloading 12 unused Assets to reduce memory usage. Loaded Objects now: 2512.
Total: 1.706500 ms (FindLiveObjects: 0.167500 ms CreateObjectMapping: 0.059700 ms MarkObjects: 1.378100 ms  DeleteObjects: 0.100300 ms)

========================================================================
Received Import Request.
  Time since last request: 170.066779 seconds.
  path: Assets/Scenes/Splash.unity
  artifactKey: Guid(961654b6b35eb2b4285cf3f45dcc6f76) Importer(815301076,1909f56bfc062723c751e8b465ee728b)
Start importing Assets/Scenes/Splash.unity using Guid(961654b6b35eb2b4285cf3f45dcc6f76) Importer(815301076,1909f56bfc062723c751e8b465ee728b)  -> (artifact id: '155a812ba2c25f8c01b34da9edaa2535') in 0.016089 seconds
  Import took 0.018617 seconds .

========================================================================
Received Prepare
Registering precompiled user dll's ...
Registered in 0.000741 seconds.
Begin MonoManager ReloadAssembly
Native extension for Lumin target not found
Native extension for LinuxStandalone target not found
Native extension for WindowsStandalone target not found
Native extension for OSXStandalone target not found
Native extension for WebGL target not found
Refreshing native plugins compatible for Editor in 0.33 ms, found 1 plugins.
Preloading 0 native plugins for Editor in 0.00 ms.
Mono: successfully reloaded assembly
- Completed reload, in  0.681 seconds
Platform modules already initialized, skipping
Refreshing native plugins compatible for Editor in 0.35 ms, found 1 plugins.
Preloading 0 native plugins for Editor in 0.00 ms.
Unloading 1850 Unused Serialized files (Serialized files now loaded: 0)
System memory in use before: 97.7 MB.
System memory in use after: 97.7 MB.

Unloading 12 unused Assets to reduce memory usage. Loaded Objects now: 2516.
Total: 1.709500 ms (FindLiveObjects: 0.163500 ms CreateObjectMapping: 0.071200 ms MarkObjects: 1.375100 ms  DeleteObjects: 0.098700 ms)

========================================================================
Received Prepare
Registering precompiled user dll's ...
Registered in 0.000894 seconds.
Begin MonoManager ReloadAssembly
Native extension for Lumin target not found
Native extension for LinuxStandalone target not found
Native extension for WindowsStandalone target not found
Native extension for OSXStandalone target not found
Native extension for WebGL target not found
Refreshing native plugins compatible for Editor in 0.37 ms, found 1 plugins.
Preloading 0 native plugins for Editor in 0.00 ms.
Mono: successfully reloaded assembly
- Completed reload, in  0.698 seconds
Platform modules already initialized, skipping
Refreshing native plugins compatible for Editor in 0.52 ms, found 1 plugins.
Preloading 0 native plugins for Editor in 0.00 ms.
Unloading 1850 Unused Serialized files (Serialized files now loaded: 0)
System memory in use before: 97.7 MB.
System memory in use after: 97.7 MB.

Unloading 12 unused Assets to reduce memory usage. Loaded Objects now: 2520.
Total: 1.783700 ms (FindLiveObjects: 0.169200 ms CreateObjectMapping: 0.069800 ms MarkObjects: 1.442600 ms  DeleteObjects: 0.100700 ms)

========================================================================
Received Prepare
Registering precompiled user dll's ...
Registered in 0.000766 seconds.
Begin MonoManager ReloadAssembly
Native extension for Lumin target not found
Native extension for LinuxStandalone target not found
Native extension for WindowsStandalone target not found
Native extension for OSXStandalone target not found
Native extension for WebGL target not found
Refreshing native plugins compatible for Editor in 0.34 ms, found 1 plugins.
Preloading 0 native plugins for Editor in 0.00 ms.
Mono: successfully reloaded assembly
- Completed reload, in  0.679 seconds
Platform modules already initialized, skipping
Refreshing native plugins compatible for Editor in 0.36 ms, found 1 plugins.
Preloading 0 native plugins for Editor in 0.00 ms.
Unloading 1850 Unused Serialized files (Serialized files now loaded: 0)
System memory in use before: 97.7 MB.
System memory in use after: 97.7 MB.

Unloading 12 unused Assets to reduce memory usage. Loaded Objects now: 2524.
Total: 1.708900 ms (FindLiveObjects: 0.157400 ms CreateObjectMapping: 0.060300 ms MarkObjects: 1.391700 ms  DeleteObjects: 0.098700 ms)

========================================================================
Received Prepare
Registering precompiled user dll's ...
Registered in 0.000802 seconds.
Begin MonoManager ReloadAssembly
Native extension for Lumin target not found
Native extension for LinuxStandalone target not found
Native extension for WindowsStandalone target not found
Native extension for OSXStandalone target not found
Native extension for WebGL target not found
Refreshing native plugins compatible for Editor in 0.36 ms, found 1 plugins.
Preloading 0 native plugins for Editor in 0.00 ms.
Mono: successfully reloaded assembly
- Completed reload, in  0.689 seconds
Platform modules already initialized, skipping
Refreshing native plugins compatible for Editor in 0.60 ms, found 1 plugins.
Preloading 0 native plugins for Editor in 0.00 ms.
Unloading 1850 Unused Serialized files (Serialized files now loaded: 0)
System memory in use before: 97.7 MB.
System memory in use after: 97.7 MB.

Unloading 12 unused Assets to reduce memory usage. Loaded Objects now: 2528.
Total: 1.769300 ms (FindLiveObjects: 0.164700 ms CreateObjectMapping: 0.055100 ms MarkObjects: 1.446300 ms  DeleteObjects: 0.101900 ms)

========================================================================
Received Prepare
Registering precompiled user dll's ...
Registered in 0.000760 seconds.
Begin MonoManager ReloadAssembly
Native extension for Lumin target not found
Native extension for LinuxStandalone target not found
Native extension for WindowsStandalone target not found
Native extension for OSXStandalone target not found
Native extension for WebGL target not found
Refreshing native plugins compatible for Editor in 0.33 ms, found 1 plugins.
Preloading 0 native plugins for Editor in 0.00 ms.
Mono: successfully reloaded assembly
- Completed reload, in  0.704 seconds
Platform modules already initialized, skipping
Refreshing native plugins compatible for Editor in 0.37 ms, found 1 plugins.
Preloading 0 native plugins for Editor in 0.00 ms.
Unloading 1850 Unused Serialized files (Serialized files now loaded: 0)
System memory in use before: 97.7 MB.
System memory in use after: 97.7 MB.

Unloading 12 unused Assets to reduce memory usage. Loaded Objects now: 2532.
Total: 1.770100 ms (FindLiveObjects: 0.171100 ms CreateObjectMapping: 0.060800 ms MarkObjects: 1.434800 ms  DeleteObjects: 0.102800 ms)

========================================================================
Received Import Request.
  Time since last request: 216.629762 seconds.
  path: Assets/Scenes/Start.unity
  artifactKey: Guid(e06c9a15c5a1ce647a34f1bf0221ee43) Importer(815301076,1909f56bfc062723c751e8b465ee728b)
Start importing Assets/Scenes/Start.unity using Guid(e06c9a15c5a1ce647a34f1bf0221ee43) Importer(815301076,1909f56bfc062723c751e8b465ee728b)  -> (artifact id: '6172b9b0de78aff4f243099b46839e84') in 0.009624 seconds
  Import took 0.012158 seconds .

========================================================================
Received Prepare
Registering precompiled user dll's ...
Registered in 0.000755 seconds.
Begin MonoManager ReloadAssembly
Native extension for Lumin target not found
Native extension for LinuxStandalone target not found
Native extension for WindowsStandalone target not found
Native extension for OSXStandalone target not found
Native extension for WebGL target not found
Refreshing native plugins compatible for Editor in 0.34 ms, found 1 plugins.
Preloading 0 native plugins for Editor in 0.00 ms.
Mono: successfully reloaded assembly
- Completed reload, in  0.698 seconds
Platform modules already initialized, skipping
Refreshing native plugins compatible for Editor in 0.36 ms, found 1 plugins.
Preloading 0 native plugins for Editor in 0.00 ms.
Unloading 1850 Unused Serialized files (Serialized files now loaded: 0)
System memory in use before: 97.7 MB.
System memory in use after: 97.7 MB.

Unloading 12 unused Assets to reduce memory usage. Loaded Objects now: 2536.
Total: 1.774800 ms (FindLiveObjects: 0.161400 ms CreateObjectMapping: 0.063300 ms MarkObjects: 1.448600 ms  DeleteObjects: 0.100700 ms)

========================================================================
Received Import Request.
  Time since last request: 34.328580 seconds.
  path: Assets/Scenes/Start.unity
  artifactKey: Guid(e06c9a15c5a1ce647a34f1bf0221ee43) Importer(815301076,1909f56bfc062723c751e8b465ee728b)
Start importing Assets/Scenes/Start.unity using Guid(e06c9a15c5a1ce647a34f1bf0221ee43) Importer(815301076,1909f56bfc062723c751e8b465ee728b)  -> (artifact id: 'f1862654579e5ceaaefc04b9080be904') in 0.011525 seconds
  Import took 0.014070 seconds .

========================================================================
Received Import Request.
  Time since last request: 88.435126 seconds.
  path: Assets/Scenes/Splash.unity
  artifactKey: Guid(961654b6b35eb2b4285cf3f45dcc6f76) Importer(815301076,1909f56bfc062723c751e8b465ee728b)
Start importing Assets/Scenes/Splash.unity using Guid(961654b6b35eb2b4285cf3f45dcc6f76) Importer(815301076,1909f56bfc062723c751e8b465ee728b)  -> (artifact id: '96a010c4002274271e6d069a992ee797') in 0.001976 seconds
  Import took 0.004621 seconds .

========================================================================
Received Import Request.
  Time since last request: 0.000709 seconds.
  path: Assets/Scenes/Splash.unity
  artifactKey: Guid(961654b6b35eb2b4285cf3f45dcc6f76) Importer(815301076,1909f56bfc062723c751e8b465ee728b)
Start importing Assets/Scenes/Splash.unity using Guid(961654b6b35eb2b4285cf3f45dcc6f76) Importer(815301076,1909f56bfc062723c751e8b465ee728b)  -> (artifact id: '96a010c4002274271e6d069a992ee797') in 0.001712 seconds
  Import took 0.004156 seconds .

========================================================================
Received Prepare
Registering precompiled user dll's ...
Registered in 0.000745 seconds.
Begin MonoManager ReloadAssembly
Native extension for Lumin target not found
Native extension for LinuxStandalone target not found
Native extension for WindowsStandalone target not found
Native extension for OSXStandalone target not found
Native extension for WebGL target not found
Refreshing native plugins compatible for Editor in 0.33 ms, found 1 plugins.
Preloading 0 native plugins for Editor in 0.00 ms.
Mono: successfully reloaded assembly
- Completed reload, in  0.687 seconds
Platform modules already initialized, skipping
Refreshing native plugins compatible for Editor in 0.37 ms, found 1 plugins.
Preloading 0 native plugins for Editor in 0.00 ms.
Unloading 1850 Unused Serialized files (Serialized files now loaded: 0)
System memory in use before: 97.7 MB.
System memory in use after: 97.7 MB.

Unloading 12 unused Assets to reduce memory usage. Loaded Objects now: 2540.
Total: 1.823400 ms (FindLiveObjects: 0.160700 ms CreateObjectMapping: 0.062600 ms MarkObjects: 1.498400 ms  DeleteObjects: 0.101000 ms)

========================================================================
Received Import Request.
  Time since last request: 39.882714 seconds.
  path: Assets/Scenes/Start.unity
  artifactKey: Guid(e06c9a15c5a1ce647a34f1bf0221ee43) Importer(815301076,1909f56bfc062723c751e8b465ee728b)
Start importing Assets/Scenes/Start.unity using Guid(e06c9a15c5a1ce647a34f1bf0221ee43) Importer(815301076,1909f56bfc062723c751e8b465ee728b)  -> (artifact id: '23e65c71b80d08a2cfd5feb58cc0d278') in 0.011998 seconds
  Import took 0.014707 seconds .

========================================================================
Received Import Request.
  Time since last request: 50.615401 seconds.
  path: Assets/Scenes/Splash.unity
  artifactKey: Guid(961654b6b35eb2b4285cf3f45dcc6f76) Importer(815301076,1909f56bfc062723c751e8b465ee728b)
Start importing Assets/Scenes/Splash.unity using Guid(961654b6b35eb2b4285cf3f45dcc6f76) Importer(815301076,1909f56bfc062723c751e8b465ee728b)  -> (artifact id: '0ea1091682fdd810333930424eaf7abf') in 0.001921 seconds
  Import took 0.004472 seconds .

========================================================================
Received Prepare
Registering precompiled user dll's ...
Registered in 0.000732 seconds.
Begin MonoManager ReloadAssembly
Native extension for Lumin target not found
Native extension for LinuxStandalone target not found
Native extension for WindowsStandalone target not found
Native extension for OSXStandalone target not found
Native extension for WebGL target not found
Refreshing native plugins compatible for Editor in 0.34 ms, found 1 plugins.
Preloading 0 native plugins for Editor in 0.00 ms.
Mono: successfully reloaded assembly
- Completed reload, in  0.689 seconds
Platform modules already initialized, skipping
Refreshing native plugins compatible for Editor in 0.36 ms, found 1 plugins.
Preloading 0 native plugins for Editor in 0.00 ms.
Unloading 1850 Unused Serialized files (Serialized files now loaded: 0)
System memory in use before: 97.8 MB.
System memory in use after: 97.7 MB.

Unloading 12 unused Assets to reduce memory usage. Loaded Objects now: 2544.
Total: 1.702100 ms (FindLiveObjects: 0.156500 ms CreateObjectMapping: 0.054700 ms MarkObjects: 1.393300 ms  DeleteObjects: 0.097000 ms)

========================================================================
Received Import Request.
  Time since last request: 75.638582 seconds.
  path: Assets/Scenes/Start.unity
  artifactKey: Guid(e06c9a15c5a1ce647a34f1bf0221ee43) Importer(815301076,1909f56bfc062723c751e8b465ee728b)
Start importing Assets/Scenes/Start.unity using Guid(e06c9a15c5a1ce647a34f1bf0221ee43) Importer(815301076,1909f56bfc062723c751e8b465ee728b)  -> (artifact id: '1bd692601c0207e466f6ad7571085aaf') in 0.012661 seconds
  Import took 0.015627 seconds .

========================================================================
Received Import Request.
  Time since last request: 76.458800 seconds.
  path: Assets/Scenes/Splash.unity
  artifactKey: Guid(961654b6b35eb2b4285cf3f45dcc6f76) Importer(815301076,1909f56bfc062723c751e8b465ee728b)
Start importing Assets/Scenes/Splash.unity using Guid(961654b6b35eb2b4285cf3f45dcc6f76) Importer(815301076,1909f56bfc062723c751e8b465ee728b)  -> (artifact id: '2175c9737794716637011ff55ee0555e') in 0.001995 seconds
  Import took 0.004642 seconds .

========================================================================
Received Import Request.
  Time since last request: 0.001056 seconds.
  path: Assets/Scenes/Splash.unity
  artifactKey: Guid(961654b6b35eb2b4285cf3f45dcc6f76) Importer(815301076,1909f56bfc062723c751e8b465ee728b)
Start importing Assets/Scenes/Splash.unity using Guid(961654b6b35eb2b4285cf3f45dcc6f76) Importer(815301076,1909f56bfc062723c751e8b465ee728b)  -> (artifact id: '2175c9737794716637011ff55ee0555e') in 0.001781 seconds
  Import took 0.004334 seconds .

========================================================================
Received Prepare
Registering precompiled user dll's ...
Registered in 0.000822 seconds.
Begin MonoManager ReloadAssembly
Native extension for Lumin target not found
Native extension for LinuxStandalone target not found
Native extension for WindowsStandalone target not found
Native extension for OSXStandalone target not found
Native extension for WebGL target not found
Refreshing native plugins compatible for Editor in 0.34 ms, found 1 plugins.
Preloading 0 native plugins for Editor in 0.00 ms.
Mono: successfully reloaded assembly
- Completed reload, in  0.875 seconds
Platform modules already initialized, skipping
Refreshing native plugins compatible for Editor in 0.36 ms, found 1 plugins.
Preloading 0 native plugins for Editor in 0.00 ms.
Unloading 1850 Unused Serialized files (Serialized files now loaded: 0)
System memory in use before: 97.8 MB.
System memory in use after: 97.8 MB.

Unloading 12 unused Assets to reduce memory usage. Loaded Objects now: 2548.
Total: 1.727200 ms (FindLiveObjects: 0.165700 ms CreateObjectMapping: 0.060600 ms MarkObjects: 1.398600 ms  DeleteObjects: 0.101300 ms)

========================================================================
Received Prepare
Refreshing native plugins compatible for Editor in 1.45 ms, found 1 plugins.
Preloading 0 native plugins for Editor in 0.00 ms.
Unloading 10 Unused Serialized files (Serialized files now loaded: 0)
System memory in use before: 61.4 MB.
System memory in use after: 61.4 MB.

Unloading 10 unused Assets to reduce memory usage. Loaded Objects now: 2548.
Total: 1.703400 ms (FindLiveObjects: 0.163700 ms CreateObjectMapping: 0.056000 ms MarkObjects: 1.385700 ms  DeleteObjects: 0.097600 ms)

========================================================================
Received Prepare
Registering precompiled user dll's ...
Registered in 0.000738 seconds.
Begin MonoManager ReloadAssembly
Native extension for Lumin target not found
Native extension for LinuxStandalone target not found
Native extension for WindowsStandalone target not found
Native extension for OSXStandalone target not found
Native extension for WebGL target not found
Refreshing native plugins compatible for Editor in 0.34 ms, found 1 plugins.
Preloading 0 native plugins for Editor in 0.00 ms.
Mono: successfully reloaded assembly
- Completed reload, in  0.728 seconds
Platform modules already initialized, skipping
Refreshing native plugins compatible for Editor in 0.35 ms, found 1 plugins.
Preloading 0 native plugins for Editor in 0.00 ms.
Unloading 1850 Unused Serialized files (Serialized files now loaded: 0)
System memory in use before: 97.8 MB.
System memory in use after: 97.8 MB.

Unloading 12 unused Assets to reduce memory usage. Loaded Objects now: 2552.
Total: 1.814900 ms (FindLiveObjects: 0.172100 ms CreateObjectMapping: 0.061300 ms MarkObjects: 1.462300 ms  DeleteObjects: 0.118200 ms)

========================================================================
Received Prepare
Registering precompiled user dll's ...
Registered in 0.000783 seconds.
Begin MonoManager ReloadAssembly
Native extension for Lumin target not found
Native extension for LinuxStandalone target not found
Native extension for WindowsStandalone target not found
Native extension for OSXStandalone target not found
Native extension for WebGL target not found
Refreshing native plugins compatible for Editor in 0.34 ms, found 1 plugins.
Preloading 0 native plugins for Editor in 0.00 ms.
Mono: successfully reloaded assembly
- Completed reload, in  0.715 seconds
Platform modules already initialized, skipping
Refreshing native plugins compatible for Editor in 0.76 ms, found 1 plugins.
Preloading 0 native plugins for Editor in 0.00 ms.
Unloading 1850 Unused Serialized files (Serialized files now loaded: 0)
System memory in use before: 97.8 MB.
System memory in use after: 97.8 MB.

Unloading 12 unused Assets to reduce memory usage. Loaded Objects now: 2556.
Total: 1.777800 ms (FindLiveObjects: 0.195500 ms CreateObjectMapping: 0.073200 ms MarkObjects: 1.405900 ms  DeleteObjects: 0.102300 ms)

========================================================================
Received Prepare
Registering precompiled user dll's ...
Registered in 0.000713 seconds.
Begin MonoManager ReloadAssembly
Native extension for Lumin target not found
Native extension for LinuxStandalone target not found
Native extension for WindowsStandalone target not found
Native extension for OSXStandalone target not found
Native extension for WebGL target not found
Refreshing native plugins compatible for Editor in 0.34 ms, found 1 plugins.
Preloading 0 native plugins for Editor in 0.00 ms.
Mono: successfully reloaded assembly
- Completed reload, in  0.709 seconds
Platform modules already initialized, skipping
Refreshing native plugins compatible for Editor in 0.36 ms, found 1 plugins.
Preloading 0 native plugins for Editor in 0.00 ms.
Unloading 1850 Unused Serialized files (Serialized files now loaded: 0)
System memory in use before: 97.8 MB.
System memory in use after: 97.8 MB.

Unloading 12 unused Assets to reduce memory usage. Loaded Objects now: 2560.
Total: 1.801500 ms (FindLiveObjects: 0.172500 ms CreateObjectMapping: 0.061300 ms MarkObjects: 1.459400 ms  DeleteObjects: 0.107600 ms)

========================================================================
Received Prepare
Registering precompiled user dll's ...
Registered in 0.000968 seconds.
Begin MonoManager ReloadAssembly
Native extension for Lumin target not found
Native extension for LinuxStandalone target not found
Native extension for WindowsStandalone target not found
Native extension for OSXStandalone target not found
Native extension for WebGL target not found
Refreshing native plugins compatible for Editor in 0.34 ms, found 1 plugins.
Preloading 0 native plugins for Editor in 0.00 ms.
Mono: successfully reloaded assembly
- Completed reload, in  0.771 seconds
Platform modules already initialized, skipping
Refreshing native plugins compatible for Editor in 0.57 ms, found 1 plugins.
Preloading 0 native plugins for Editor in 0.00 ms.
Unloading 1850 Unused Serialized files (Serialized files now loaded: 0)
System memory in use before: 97.8 MB.
System memory in use after: 97.8 MB.

Unloading 12 unused Assets to reduce memory usage. Loaded Objects now: 2564.
Total: 2.048100 ms (FindLiveObjects: 0.211500 ms CreateObjectMapping: 0.106100 ms MarkObjects: 1.624100 ms  DeleteObjects: 0.105400 ms)

========================================================================
Received Prepare
Registering precompiled user dll's ...
Registered in 0.000840 seconds.
Begin MonoManager ReloadAssembly
Native extension for Lumin target not found
Native extension for LinuxStandalone target not found
Native extension for WindowsStandalone target not found
Native extension for OSXStandalone target not found
Native extension for WebGL target not found
Refreshing native plugins compatible for Editor in 0.38 ms, found 1 plugins.
Preloading 0 native plugins for Editor in 0.00 ms.
Mono: successfully reloaded assembly
- Completed reload, in  0.723 seconds
Platform modules already initialized, skipping
Refreshing native plugins compatible for Editor in 0.38 ms, found 1 plugins.
Preloading 0 native plugins for Editor in 0.00 ms.
Unloading 1850 Unused Serialized files (Serialized files now loaded: 0)
System memory in use before: 97.8 MB.
System memory in use after: 97.8 MB.

Unloading 12 unused Assets to reduce memory usage. Loaded Objects now: 2568.
Total: 1.871600 ms (FindLiveObjects: 0.172700 ms CreateObjectMapping: 0.058900 ms MarkObjects: 1.521100 ms  DeleteObjects: 0.118000 ms)

AssetImportWorkerClient::OnTransportError - code=2 error=End of file
